c:\users\alumno\downloads\entregamotores\demo\projects\vs2019\x64\debug\vc142.pdb
c:\users\alumno\downloads\entregamotores\demo\projects\vs2019\x64\debug\vc142.idb
c:\users\alumno\downloads\entregamotores\demo\projects\vs2019\x64\debug\player_movement_controller.obj
c:\users\alumno\downloads\entregamotores\demo\projects\vs2019\x64\debug\main.obj
c:\users\alumno\downloads\entregamotores\demo\projects\vs2019\x64\debug\enemie_behaviour_controller.obj
c:\users\alumno\downloads\entregamotores\demo\projects\vs2019\x64\debug\world_controller.obj
c:\users\alumno\downloads\entregamotores\demo\projects\vs2019\x64\debug\demo.ilk
c:\users\alumno\downloads\entregamotores\demo\projects\vs2019\x64\debug\demo.exe
c:\users\alumno\downloads\entregamotores\demo\projects\vs2019\x64\debug\demo.pdb
c:\users\alumno\downloads\entregamotores\demo\projects\vs2019\x64\debug\demo.res
c:\users\alumno\downloads\entregamotores\demo\projects\vs2019\x64\debug\alberto-estirado-engine.idb
c:\users\alumno\downloads\entregamotores\demo\projects\vs2019\x64\debug\alberto-estirado-engine.pdb
c:\users\alumno\downloads\entregamotores\demo\projects\vs2019\x64\debug\demo.tlog\cl.command.1.tlog
c:\users\alumno\downloads\entregamotores\demo\projects\vs2019\x64\debug\demo.tlog\cl.read.1.tlog
c:\users\alumno\downloads\entregamotores\demo\projects\vs2019\x64\debug\demo.tlog\cl.write.1.tlog
c:\users\alumno\downloads\entregamotores\demo\projects\vs2019\x64\debug\demo.tlog\link.command.1.tlog
c:\users\alumno\downloads\entregamotores\demo\projects\vs2019\x64\debug\demo.tlog\link.read.1.tlog
c:\users\alumno\downloads\entregamotores\demo\projects\vs2019\x64\debug\demo.tlog\link.write.1.tlog
c:\users\alumno\downloads\entregamotores\demo\projects\vs2019\x64\debug\demo.tlog\rc.command.1.tlog
c:\users\alumno\downloads\entregamotores\demo\projects\vs2019\x64\debug\demo.tlog\rc.read.1.tlog
c:\users\alumno\downloads\entregamotores\demo\projects\vs2019\x64\debug\demo.tlog\rc.write.1.tlog
