  world_controller.cpp
  elevator_controller.cpp
  main.cpp
  Generando código...
alberto-estirado-engine.lib(b2_world_callbacks.obj) : warning LNK4099: no se encontró PDB 'box2d.pdb' con 'alberto-estirado-engine.lib(b2_world_callbacks.obj)' o en 'C:\Users\Alumno\Downloads\EntregaMotores\Demo\projects\vs2019\x64\Debug\box2d.pdb'; se vinculará el objeto sin tener en cuenta información de depuración
alberto-estirado-engine.lib(b2_world.obj) : warning LNK4099: no se encontró PDB '' con 'alberto-estirado-engine.lib(b2_world.obj)' o en ''; se vinculará el objeto sin tener en cuenta información de depuración
alberto-estirado-engine.lib(b2_wheel_joint.obj) : warning LNK4099: no se encontró PDB 'box2d.pdb' con 'alberto-estirado-engine.lib(b2_wheel_joint.obj)' o en 'C:\Users\Alumno\Downloads\EntregaMotores\Demo\projects\vs2019\x64\Debug\box2d.pdb'; se vinculará el objeto sin tener en cuenta información de depuración
alberto-estirado-engine.lib(b2_weld_joint.obj) : warning LNK4099: no se encontró PDB 'box2d.pdb' con 'alberto-estirado-engine.lib(b2_weld_joint.obj)' o en 'C:\Users\Alumno\Downloads\EntregaMotores\Demo\projects\vs2019\x64\Debug\box2d.pdb'; se vinculará el objeto sin tener en cuenta información de depuración
alberto-estirado-engine.lib(b2_revolute_joint.obj) : warning LNK4099: no se encontró PDB 'box2d.pdb' con 'alberto-estirado-engine.lib(b2_revolute_joint.obj)' o en 'C:\Users\Alumno\Downloads\EntregaMotores\Demo\projects\vs2019\x64\Debug\box2d.pdb'; se vinculará el objeto sin tener en cuenta información de depuración
alberto-estirado-engine.lib(b2_pulley_joint.obj) : warning LNK4099: no se encontró PDB 'box2d.pdb' con 'alberto-estirado-engine.lib(b2_pulley_joint.obj)' o en 'C:\Users\Alumno\Downloads\EntregaMotores\Demo\projects\vs2019\x64\Debug\box2d.pdb'; se vinculará el objeto sin tener en cuenta información de depuración
alberto-estirado-engine.lib(b2_prismatic_joint.obj) : warning LNK4099: no se encontró PDB 'box2d.pdb' con 'alberto-estirado-engine.lib(b2_prismatic_joint.obj)' o en 'C:\Users\Alumno\Downloads\EntregaMotores\Demo\projects\vs2019\x64\Debug\box2d.pdb'; se vinculará el objeto sin tener en cuenta información de depuración
alberto-estirado-engine.lib(b2_polygon_contact.obj) : warning LNK4099: no se encontró PDB 'box2d.pdb' con 'alberto-estirado-engine.lib(b2_polygon_contact.obj)' o en 'C:\Users\Alumno\Downloads\EntregaMotores\Demo\projects\vs2019\x64\Debug\box2d.pdb'; se vinculará el objeto sin tener en cuenta información de depuración
alberto-estirado-engine.lib(b2_polygon_circle_contact.obj) : warning LNK4099: no se encontró PDB 'box2d.pdb' con 'alberto-estirado-engine.lib(b2_polygon_circle_contact.obj)' o en 'C:\Users\Alumno\Downloads\EntregaMotores\Demo\projects\vs2019\x64\Debug\box2d.pdb'; se vinculará el objeto sin tener en cuenta información de depuración
alberto-estirado-engine.lib(b2_mouse_joint.obj) : warning LNK4099: no se encontró PDB 'box2d.pdb' con 'alberto-estirado-engine.lib(b2_mouse_joint.obj)' o en 'C:\Users\Alumno\Downloads\EntregaMotores\Demo\projects\vs2019\x64\Debug\box2d.pdb'; se vinculará el objeto sin tener en cuenta información de depuración
alberto-estirado-engine.lib(b2_motor_joint.obj) : warning LNK4099: no se encontró PDB 'box2d.pdb' con 'alberto-estirado-engine.lib(b2_motor_joint.obj)' o en 'C:\Users\Alumno\Downloads\EntregaMotores\Demo\projects\vs2019\x64\Debug\box2d.pdb'; se vinculará el objeto sin tener en cuenta información de depuración
alberto-estirado-engine.lib(b2_joint.obj) : warning LNK4099: no se encontró PDB 'box2d.pdb' con 'alberto-estirado-engine.lib(b2_joint.obj)' o en 'C:\Users\Alumno\Downloads\EntregaMotores\Demo\projects\vs2019\x64\Debug\box2d.pdb'; se vinculará el objeto sin tener en cuenta información de depuración
alberto-estirado-engine.lib(b2_island.obj) : warning LNK4099: no se encontró PDB 'box2d.pdb' con 'alberto-estirado-engine.lib(b2_island.obj)' o en 'C:\Users\Alumno\Downloads\EntregaMotores\Demo\projects\vs2019\x64\Debug\box2d.pdb'; se vinculará el objeto sin tener en cuenta información de depuración
alberto-estirado-engine.lib(b2_gear_joint.obj) : warning LNK4099: no se encontró PDB 'box2d.pdb' con 'alberto-estirado-engine.lib(b2_gear_joint.obj)' o en 'C:\Users\Alumno\Downloads\EntregaMotores\Demo\projects\vs2019\x64\Debug\box2d.pdb'; se vinculará el objeto sin tener en cuenta información de depuración
alberto-estirado-engine.lib(b2_friction_joint.obj) : warning LNK4099: no se encontró PDB 'box2d.pdb' con 'alberto-estirado-engine.lib(b2_friction_joint.obj)' o en 'C:\Users\Alumno\Downloads\EntregaMotores\Demo\projects\vs2019\x64\Debug\box2d.pdb'; se vinculará el objeto sin tener en cuenta información de depuración
alberto-estirado-engine.lib(b2_fixture.obj) : warning LNK4099: no se encontró PDB 'box2d.pdb' con 'alberto-estirado-engine.lib(b2_fixture.obj)' o en 'C:\Users\Alumno\Downloads\EntregaMotores\Demo\projects\vs2019\x64\Debug\box2d.pdb'; se vinculará el objeto sin tener en cuenta información de depuración
alberto-estirado-engine.lib(b2_edge_polygon_contact.obj) : warning LNK4099: no se encontró PDB 'box2d.pdb' con 'alberto-estirado-engine.lib(b2_edge_polygon_contact.obj)' o en 'C:\Users\Alumno\Downloads\EntregaMotores\Demo\projects\vs2019\x64\Debug\box2d.pdb'; se vinculará el objeto sin tener en cuenta información de depuración
alberto-estirado-engine.lib(b2_edge_circle_contact.obj) : warning LNK4099: no se encontró PDB 'box2d.pdb' con 'alberto-estirado-engine.lib(b2_edge_circle_contact.obj)' o en 'C:\Users\Alumno\Downloads\EntregaMotores\Demo\projects\vs2019\x64\Debug\box2d.pdb'; se vinculará el objeto sin tener en cuenta información de depuración
alberto-estirado-engine.lib(b2_distance_joint.obj) : warning LNK4099: no se encontró PDB 'box2d.pdb' con 'alberto-estirado-engine.lib(b2_distance_joint.obj)' o en 'C:\Users\Alumno\Downloads\EntregaMotores\Demo\projects\vs2019\x64\Debug\box2d.pdb'; se vinculará el objeto sin tener en cuenta información de depuración
alberto-estirado-engine.lib(b2_contact_solver.obj) : warning LNK4099: no se encontró PDB 'box2d.pdb' con 'alberto-estirado-engine.lib(b2_contact_solver.obj)' o en 'C:\Users\Alumno\Downloads\EntregaMotores\Demo\projects\vs2019\x64\Debug\box2d.pdb'; se vinculará el objeto sin tener en cuenta información de depuración
alberto-estirado-engine.lib(b2_contact_manager.obj) : warning LNK4099: no se encontró PDB 'box2d.pdb' con 'alberto-estirado-engine.lib(b2_contact_manager.obj)' o en 'C:\Users\Alumno\Downloads\EntregaMotores\Demo\projects\vs2019\x64\Debug\box2d.pdb'; se vinculará el objeto sin tener en cuenta información de depuración
alberto-estirado-engine.lib(b2_contact.obj) : warning LNK4099: no se encontró PDB 'box2d.pdb' con 'alberto-estirado-engine.lib(b2_contact.obj)' o en 'C:\Users\Alumno\Downloads\EntregaMotores\Demo\projects\vs2019\x64\Debug\box2d.pdb'; se vinculará el objeto sin tener en cuenta información de depuración
alberto-estirado-engine.lib(b2_circle_contact.obj) : warning LNK4099: no se encontró PDB 'box2d.pdb' con 'alberto-estirado-engine.lib(b2_circle_contact.obj)' o en 'C:\Users\Alumno\Downloads\EntregaMotores\Demo\projects\vs2019\x64\Debug\box2d.pdb'; se vinculará el objeto sin tener en cuenta información de depuración
alberto-estirado-engine.lib(b2_chain_polygon_contact.obj) : warning LNK4099: no se encontró PDB 'box2d.pdb' con 'alberto-estirado-engine.lib(b2_chain_polygon_contact.obj)' o en 'C:\Users\Alumno\Downloads\EntregaMotores\Demo\projects\vs2019\x64\Debug\box2d.pdb'; se vinculará el objeto sin tener en cuenta información de depuración
alberto-estirado-engine.lib(b2_chain_circle_contact.obj) : warning LNK4099: no se encontró PDB 'box2d.pdb' con 'alberto-estirado-engine.lib(b2_chain_circle_contact.obj)' o en 'C:\Users\Alumno\Downloads\EntregaMotores\Demo\projects\vs2019\x64\Debug\box2d.pdb'; se vinculará el objeto sin tener en cuenta información de depuración
alberto-estirado-engine.lib(b2_body.obj) : warning LNK4099: no se encontró PDB 'box2d.pdb' con 'alberto-estirado-engine.lib(b2_body.obj)' o en 'C:\Users\Alumno\Downloads\EntregaMotores\Demo\projects\vs2019\x64\Debug\box2d.pdb'; se vinculará el objeto sin tener en cuenta información de depuración
alberto-estirado-engine.lib(b2_timer.obj) : warning LNK4099: no se encontró PDB 'box2d.pdb' con 'alberto-estirado-engine.lib(b2_timer.obj)' o en 'C:\Users\Alumno\Downloads\EntregaMotores\Demo\projects\vs2019\x64\Debug\box2d.pdb'; se vinculará el objeto sin tener en cuenta información de depuración
alberto-estirado-engine.lib(b2_stack_allocator.obj) : warning LNK4099: no se encontró PDB '' con 'alberto-estirado-engine.lib(b2_stack_allocator.obj)' o en ''; se vinculará el objeto sin tener en cuenta información de depuración
alberto-estirado-engine.lib(b2_settings.obj) : warning LNK4099: no se encontró PDB 'box2d.pdb' con 'alberto-estirado-engine.lib(b2_settings.obj)' o en 'C:\Users\Alumno\Downloads\EntregaMotores\Demo\projects\vs2019\x64\Debug\box2d.pdb'; se vinculará el objeto sin tener en cuenta información de depuración
alberto-estirado-engine.lib(b2_math.obj) : warning LNK4099: no se encontró PDB 'box2d.pdb' con 'alberto-estirado-engine.lib(b2_math.obj)' o en 'C:\Users\Alumno\Downloads\EntregaMotores\Demo\projects\vs2019\x64\Debug\box2d.pdb'; se vinculará el objeto sin tener en cuenta información de depuración
alberto-estirado-engine.lib(b2_draw.obj) : warning LNK4099: no se encontró PDB 'box2d.pdb' con 'alberto-estirado-engine.lib(b2_draw.obj)' o en 'C:\Users\Alumno\Downloads\EntregaMotores\Demo\projects\vs2019\x64\Debug\box2d.pdb'; se vinculará el objeto sin tener en cuenta información de depuración
alberto-estirado-engine.lib(b2_block_allocator.obj) : warning LNK4099: no se encontró PDB 'box2d.pdb' con 'alberto-estirado-engine.lib(b2_block_allocator.obj)' o en 'C:\Users\Alumno\Downloads\EntregaMotores\Demo\projects\vs2019\x64\Debug\box2d.pdb'; se vinculará el objeto sin tener en cuenta información de depuración
alberto-estirado-engine.lib(b2_time_of_impact.obj) : warning LNK4099: no se encontró PDB 'box2d.pdb' con 'alberto-estirado-engine.lib(b2_time_of_impact.obj)' o en 'C:\Users\Alumno\Downloads\EntregaMotores\Demo\projects\vs2019\x64\Debug\box2d.pdb'; se vinculará el objeto sin tener en cuenta información de depuración
alberto-estirado-engine.lib(b2_polygon_shape.obj) : warning LNK4099: no se encontró PDB 'box2d.pdb' con 'alberto-estirado-engine.lib(b2_polygon_shape.obj)' o en 'C:\Users\Alumno\Downloads\EntregaMotores\Demo\projects\vs2019\x64\Debug\box2d.pdb'; se vinculará el objeto sin tener en cuenta información de depuración
alberto-estirado-engine.lib(b2_edge_shape.obj) : warning LNK4099: no se encontró PDB 'box2d.pdb' con 'alberto-estirado-engine.lib(b2_edge_shape.obj)' o en 'C:\Users\Alumno\Downloads\EntregaMotores\Demo\projects\vs2019\x64\Debug\box2d.pdb'; se vinculará el objeto sin tener en cuenta información de depuración
alberto-estirado-engine.lib(b2_dynamic_tree.obj) : warning LNK4099: no se encontró PDB 'box2d.pdb' con 'alberto-estirado-engine.lib(b2_dynamic_tree.obj)' o en 'C:\Users\Alumno\Downloads\EntregaMotores\Demo\projects\vs2019\x64\Debug\box2d.pdb'; se vinculará el objeto sin tener en cuenta información de depuración
alberto-estirado-engine.lib(b2_distance.obj) : warning LNK4099: no se encontró PDB 'box2d.pdb' con 'alberto-estirado-engine.lib(b2_distance.obj)' o en 'C:\Users\Alumno\Downloads\EntregaMotores\Demo\projects\vs2019\x64\Debug\box2d.pdb'; se vinculará el objeto sin tener en cuenta información de depuración
alberto-estirado-engine.lib(b2_collision.obj) : warning LNK4099: no se encontró PDB 'box2d.pdb' con 'alberto-estirado-engine.lib(b2_collision.obj)' o en 'C:\Users\Alumno\Downloads\EntregaMotores\Demo\projects\vs2019\x64\Debug\box2d.pdb'; se vinculará el objeto sin tener en cuenta información de depuración
alberto-estirado-engine.lib(b2_collide_polygon.obj) : warning LNK4099: no se encontró PDB 'box2d.pdb' con 'alberto-estirado-engine.lib(b2_collide_polygon.obj)' o en 'C:\Users\Alumno\Downloads\EntregaMotores\Demo\projects\vs2019\x64\Debug\box2d.pdb'; se vinculará el objeto sin tener en cuenta información de depuración
alberto-estirado-engine.lib(b2_collide_edge.obj) : warning LNK4099: no se encontró PDB 'box2d.pdb' con 'alberto-estirado-engine.lib(b2_collide_edge.obj)' o en 'C:\Users\Alumno\Downloads\EntregaMotores\Demo\projects\vs2019\x64\Debug\box2d.pdb'; se vinculará el objeto sin tener en cuenta información de depuración
alberto-estirado-engine.lib(b2_collide_circle.obj) : warning LNK4099: no se encontró PDB 'box2d.pdb' con 'alberto-estirado-engine.lib(b2_collide_circle.obj)' o en 'C:\Users\Alumno\Downloads\EntregaMotores\Demo\projects\vs2019\x64\Debug\box2d.pdb'; se vinculará el objeto sin tener en cuenta información de depuración
alberto-estirado-engine.lib(b2_circle_shape.obj) : warning LNK4099: no se encontró PDB 'box2d.pdb' con 'alberto-estirado-engine.lib(b2_circle_shape.obj)' o en 'C:\Users\Alumno\Downloads\EntregaMotores\Demo\projects\vs2019\x64\Debug\box2d.pdb'; se vinculará el objeto sin tener en cuenta información de depuración
alberto-estirado-engine.lib(b2_chain_shape.obj) : warning LNK4099: no se encontró PDB 'box2d.pdb' con 'alberto-estirado-engine.lib(b2_chain_shape.obj)' o en 'C:\Users\Alumno\Downloads\EntregaMotores\Demo\projects\vs2019\x64\Debug\box2d.pdb'; se vinculará el objeto sin tener en cuenta información de depuración
alberto-estirado-engine.lib(b2_broad_phase.obj) : warning LNK4099: no se encontró PDB 'box2d.pdb' con 'alberto-estirado-engine.lib(b2_broad_phase.obj)' o en 'C:\Users\Alumno\Downloads\EntregaMotores\Demo\projects\vs2019\x64\Debug\box2d.pdb'; se vinculará el objeto sin tener en cuenta información de depuración
alberto-estirado-engine.lib(glad.obj) : warning LNK4099: no se encontró PDB 'OpenGL Toolkit.pdb' con 'alberto-estirado-engine.lib(glad.obj)' o en 'C:\Users\Alumno\Downloads\EntregaMotores\Demo\projects\vs2019\x64\Debug\OpenGL Toolkit.pdb'; se vinculará el objeto sin tener en cuenta información de depuración
alberto-estirado-engine.lib(Vertex_Buffer_Object.obj) : warning LNK4099: no se encontró PDB 'OpenGL Toolkit.pdb' con 'alberto-estirado-engine.lib(Vertex_Buffer_Object.obj)' o en 'C:\Users\Alumno\Downloads\EntregaMotores\Demo\projects\vs2019\x64\Debug\OpenGL Toolkit.pdb'; se vinculará el objeto sin tener en cuenta información de depuración
alberto-estirado-engine.lib(Vertex_Array_Object.obj) : warning LNK4099: no se encontró PDB 'OpenGL Toolkit.pdb' con 'alberto-estirado-engine.lib(Vertex_Array_Object.obj)' o en 'C:\Users\Alumno\Downloads\EntregaMotores\Demo\projects\vs2019\x64\Debug\OpenGL Toolkit.pdb'; se vinculará el objeto sin tener en cuenta información de depuración
alberto-estirado-engine.lib(Shader_Program.obj) : warning LNK4099: no se encontró PDB 'OpenGL Toolkit.pdb' con 'alberto-estirado-engine.lib(Shader_Program.obj)' o en 'C:\Users\Alumno\Downloads\EntregaMotores\Demo\projects\vs2019\x64\Debug\OpenGL Toolkit.pdb'; se vinculará el objeto sin tener en cuenta información de depuración
alberto-estirado-engine.lib(Shader.obj) : warning LNK4099: no se encontró PDB 'OpenGL Toolkit.pdb' con 'alberto-estirado-engine.lib(Shader.obj)' o en 'C:\Users\Alumno\Downloads\EntregaMotores\Demo\projects\vs2019\x64\Debug\OpenGL Toolkit.pdb'; se vinculará el objeto sin tener en cuenta información de depuración
alberto-estirado-engine.lib(Render_Node.obj) : warning LNK4099: no se encontró PDB 'OpenGL Toolkit.pdb' con 'alberto-estirado-engine.lib(Render_Node.obj)' o en 'C:\Users\Alumno\Downloads\EntregaMotores\Demo\projects\vs2019\x64\Debug\OpenGL Toolkit.pdb'; se vinculará el objeto sin tener en cuenta información de depuración
alberto-estirado-engine.lib(OpenGL.obj) : warning LNK4099: no se encontró PDB 'OpenGL Toolkit.pdb' con 'alberto-estirado-engine.lib(OpenGL.obj)' o en 'C:\Users\Alumno\Downloads\EntregaMotores\Demo\projects\vs2019\x64\Debug\OpenGL Toolkit.pdb'; se vinculará el objeto sin tener en cuenta información de depuración
alberto-estirado-engine.lib(Model_Obj.obj) : warning LNK4099: no se encontró PDB 'OpenGL Toolkit.pdb' con 'alberto-estirado-engine.lib(Model_Obj.obj)' o en 'C:\Users\Alumno\Downloads\EntregaMotores\Demo\projects\vs2019\x64\Debug\OpenGL Toolkit.pdb'; se vinculará el objeto sin tener en cuenta información de depuración
alberto-estirado-engine.lib(Material.obj) : warning LNK4099: no se encontró PDB 'OpenGL Toolkit.pdb' con 'alberto-estirado-engine.lib(Material.obj)' o en 'C:\Users\Alumno\Downloads\EntregaMotores\Demo\projects\vs2019\x64\Debug\OpenGL Toolkit.pdb'; se vinculará el objeto sin tener en cuenta información de depuración
alberto-estirado-engine.lib(Light.obj) : warning LNK4099: no se encontró PDB 'OpenGL Toolkit.pdb' con 'alberto-estirado-engine.lib(Light.obj)' o en 'C:\Users\Alumno\Downloads\EntregaMotores\Demo\projects\vs2019\x64\Debug\OpenGL Toolkit.pdb'; se vinculará el objeto sin tener en cuenta información de depuración
alberto-estirado-engine.lib(SDL_xinputhaptic.obj) : warning LNK4099: no se encontró PDB 'SDL2d.pdb' con 'alberto-estirado-engine.lib(SDL_xinputhaptic.obj)' o en 'C:\Users\Alumno\Downloads\EntregaMotores\Demo\projects\vs2019\x64\Debug\SDL2d.pdb'; se vinculará el objeto sin tener en cuenta información de depuración
alberto-estirado-engine.lib(SDL_windowshaptic.obj) : warning LNK4099: no se encontró PDB 'SDL2d.pdb' con 'alberto-estirado-engine.lib(SDL_windowshaptic.obj)' o en 'C:\Users\Alumno\Downloads\EntregaMotores\Demo\projects\vs2019\x64\Debug\SDL2d.pdb'; se vinculará el objeto sin tener en cuenta información de depuración
alberto-estirado-engine.lib(SDL_dinputhaptic.obj) : warning LNK4099: no se encontró PDB 'SDL2d.pdb' con 'alberto-estirado-engine.lib(SDL_dinputhaptic.obj)' o en 'C:\Users\Alumno\Downloads\EntregaMotores\Demo\projects\vs2019\x64\Debug\SDL2d.pdb'; se vinculará el objeto sin tener en cuenta información de depuración
alberto-estirado-engine.lib(SDL_xinputjoystick.obj) : warning LNK4099: no se encontró PDB '' con 'alberto-estirado-engine.lib(SDL_xinputjoystick.obj)' o en ''; se vinculará el objeto sin tener en cuenta información de depuración
alberto-estirado-engine.lib(SDL_windowsjoystick.obj) : warning LNK4099: no se encontró PDB 'SDL2d.pdb' con 'alberto-estirado-engine.lib(SDL_windowsjoystick.obj)' o en 'C:\Users\Alumno\Downloads\EntregaMotores\Demo\projects\vs2019\x64\Debug\SDL2d.pdb'; se vinculará el objeto sin tener en cuenta información de depuración
alberto-estirado-engine.lib(SDL_dinputjoystick.obj) : warning LNK4099: no se encontró PDB 'SDL2d.pdb' con 'alberto-estirado-engine.lib(SDL_dinputjoystick.obj)' o en 'C:\Users\Alumno\Downloads\EntregaMotores\Demo\projects\vs2019\x64\Debug\SDL2d.pdb'; se vinculará el objeto sin tener en cuenta información de depuración
alberto-estirado-engine.lib(hid.obj) : warning LNK4099: no se encontró PDB 'SDL2d.pdb' con 'alberto-estirado-engine.lib(hid.obj)' o en 'C:\Users\Alumno\Downloads\EntregaMotores\Demo\projects\vs2019\x64\Debug\SDL2d.pdb'; se vinculará el objeto sin tener en cuenta información de depuración
alberto-estirado-engine.lib(SDL_hidapijoystick.obj) : warning LNK4099: no se encontró PDB 'SDL2d.pdb' con 'alberto-estirado-engine.lib(SDL_hidapijoystick.obj)' o en 'C:\Users\Alumno\Downloads\EntregaMotores\Demo\projects\vs2019\x64\Debug\SDL2d.pdb'; se vinculará el objeto sin tener en cuenta información de depuración
alberto-estirado-engine.lib(SDL_hidapi_xboxone.obj) : warning LNK4099: no se encontró PDB 'SDL2d.pdb' con 'alberto-estirado-engine.lib(SDL_hidapi_xboxone.obj)' o en 'C:\Users\Alumno\Downloads\EntregaMotores\Demo\projects\vs2019\x64\Debug\SDL2d.pdb'; se vinculará el objeto sin tener en cuenta información de depuración
alberto-estirado-engine.lib(SDL_hidapi_xbox360w.obj) : warning LNK4099: no se encontró PDB 'SDL2d.pdb' con 'alberto-estirado-engine.lib(SDL_hidapi_xbox360w.obj)' o en 'C:\Users\Alumno\Downloads\EntregaMotores\Demo\projects\vs2019\x64\Debug\SDL2d.pdb'; se vinculará el objeto sin tener en cuenta información de depuración
alberto-estirado-engine.lib(SDL_hidapi_xbox360.obj) : warning LNK4099: no se encontró PDB 'SDL2d.pdb' con 'alberto-estirado-engine.lib(SDL_hidapi_xbox360.obj)' o en 'C:\Users\Alumno\Downloads\EntregaMotores\Demo\projects\vs2019\x64\Debug\SDL2d.pdb'; se vinculará el objeto sin tener en cuenta información de depuración
alberto-estirado-engine.lib(SDL_hidapi_switch.obj) : warning LNK4099: no se encontró PDB 'SDL2d.pdb' con 'alberto-estirado-engine.lib(SDL_hidapi_switch.obj)' o en 'C:\Users\Alumno\Downloads\EntregaMotores\Demo\projects\vs2019\x64\Debug\SDL2d.pdb'; se vinculará el objeto sin tener en cuenta información de depuración
alberto-estirado-engine.lib(SDL_hidapi_rumble.obj) : warning LNK4099: no se encontró PDB 'SDL2d.pdb' con 'alberto-estirado-engine.lib(SDL_hidapi_rumble.obj)' o en 'C:\Users\Alumno\Downloads\EntregaMotores\Demo\projects\vs2019\x64\Debug\SDL2d.pdb'; se vinculará el objeto sin tener en cuenta información de depuración
alberto-estirado-engine.lib(SDL_hidapi_ps5.obj) : warning LNK4099: no se encontró PDB 'SDL2d.pdb' con 'alberto-estirado-engine.lib(SDL_hidapi_ps5.obj)' o en 'C:\Users\Alumno\Downloads\EntregaMotores\Demo\projects\vs2019\x64\Debug\SDL2d.pdb'; se vinculará el objeto sin tener en cuenta información de depuración
alberto-estirado-engine.lib(SDL_hidapi_ps4.obj) : warning LNK4099: no se encontró PDB 'SDL2d.pdb' con 'alberto-estirado-engine.lib(SDL_hidapi_ps4.obj)' o en 'C:\Users\Alumno\Downloads\EntregaMotores\Demo\projects\vs2019\x64\Debug\SDL2d.pdb'; se vinculará el objeto sin tener en cuenta información de depuración
alberto-estirado-engine.lib(SDL_hidapi_gamecube.obj) : warning LNK4099: no se encontró PDB 'SDL2d.pdb' con 'alberto-estirado-engine.lib(SDL_hidapi_gamecube.obj)' o en 'C:\Users\Alumno\Downloads\EntregaMotores\Demo\projects\vs2019\x64\Debug\SDL2d.pdb'; se vinculará el objeto sin tener en cuenta información de depuración
alberto-estirado-engine.lib(SDL_sysloadso.obj) : warning LNK4099: no se encontró PDB '' con 'alberto-estirado-engine.lib(SDL_sysloadso.obj)' o en ''; se vinculará el objeto sin tener en cuenta información de depuración
alberto-estirado-engine.lib(SDL_systimer.obj) : warning LNK4099: no se encontró PDB 'SDL2d.pdb' con 'alberto-estirado-engine.lib(SDL_systimer.obj)' o en 'C:\Users\Alumno\Downloads\EntregaMotores\Demo\projects\vs2019\x64\Debug\SDL2d.pdb'; se vinculará el objeto sin tener en cuenta información de depuración
alberto-estirado-engine.lib(SDL_sysfilesystem.obj) : warning LNK4099: no se encontró PDB 'SDL2d.pdb' con 'alberto-estirado-engine.lib(SDL_sysfilesystem.obj)' o en 'C:\Users\Alumno\Downloads\EntregaMotores\Demo\projects\vs2019\x64\Debug\SDL2d.pdb'; se vinculará el objeto sin tener en cuenta información de depuración
alberto-estirado-engine.lib(SDL_syslocale.obj) : warning LNK4099: no se encontró PDB 'SDL2d.pdb' con 'alberto-estirado-engine.lib(SDL_syslocale.obj)' o en 'C:\Users\Alumno\Downloads\EntregaMotores\Demo\projects\vs2019\x64\Debug\SDL2d.pdb'; se vinculará el objeto sin tener en cuenta información de depuración
alberto-estirado-engine.lib(SDL_syspower.obj) : warning LNK4099: no se encontró PDB '' con 'alberto-estirado-engine.lib(SDL_syspower.obj)' o en ''; se vinculará el objeto sin tener en cuenta información de depuración
alberto-estirado-engine.lib(SDL_windowssensor.obj) : warning LNK4099: no se encontró PDB 'SDL2d.pdb' con 'alberto-estirado-engine.lib(SDL_windowssensor.obj)' o en 'C:\Users\Alumno\Downloads\EntregaMotores\Demo\projects\vs2019\x64\Debug\SDL2d.pdb'; se vinculará el objeto sin tener en cuenta información de depuración
alberto-estirado-engine.lib(SDL_syscond.obj) : warning LNK4099: no se encontró PDB 'SDL2d.pdb' con 'alberto-estirado-engine.lib(SDL_syscond.obj)' o en 'C:\Users\Alumno\Downloads\EntregaMotores\Demo\projects\vs2019\x64\Debug\SDL2d.pdb'; se vinculará el objeto sin tener en cuenta información de depuración
alberto-estirado-engine.lib(SDL_systls.obj) : warning LNK4099: no se encontró PDB 'SDL2d.pdb' con 'alberto-estirado-engine.lib(SDL_systls.obj)' o en 'C:\Users\Alumno\Downloads\EntregaMotores\Demo\projects\vs2019\x64\Debug\SDL2d.pdb'; se vinculará el objeto sin tener en cuenta información de depuración
alberto-estirado-engine.lib(SDL_systhread.obj) : warning LNK4099: no se encontró PDB 'SDL2d.pdb' con 'alberto-estirado-engine.lib(SDL_systhread.obj)' o en 'C:\Users\Alumno\Downloads\EntregaMotores\Demo\projects\vs2019\x64\Debug\SDL2d.pdb'; se vinculará el objeto sin tener en cuenta información de depuración
alberto-estirado-engine.lib(SDL_syssem.obj) : warning LNK4099: no se encontró PDB 'SDL2d.pdb' con 'alberto-estirado-engine.lib(SDL_syssem.obj)' o en 'C:\Users\Alumno\Downloads\EntregaMotores\Demo\projects\vs2019\x64\Debug\SDL2d.pdb'; se vinculará el objeto sin tener en cuenta información de depuración
alberto-estirado-engine.lib(SDL_sysmutex.obj) : warning LNK4099: no se encontró PDB 'SDL2d.pdb' con 'alberto-estirado-engine.lib(SDL_sysmutex.obj)' o en 'C:\Users\Alumno\Downloads\EntregaMotores\Demo\projects\vs2019\x64\Debug\SDL2d.pdb'; se vinculará el objeto sin tener en cuenta información de depuración
alberto-estirado-engine.lib(SDL_windowswindow.obj) : warning LNK4099: no se encontró PDB 'SDL2d.pdb' con 'alberto-estirado-engine.lib(SDL_windowswindow.obj)' o en 'C:\Users\Alumno\Downloads\EntregaMotores\Demo\projects\vs2019\x64\Debug\SDL2d.pdb'; se vinculará el objeto sin tener en cuenta información de depuración
alberto-estirado-engine.lib(SDL_windowsvulkan.obj) : warning LNK4099: no se encontró PDB 'SDL2d.pdb' con 'alberto-estirado-engine.lib(SDL_windowsvulkan.obj)' o en 'C:\Users\Alumno\Downloads\EntregaMotores\Demo\projects\vs2019\x64\Debug\SDL2d.pdb'; se vinculará el objeto sin tener en cuenta información de depuración
alberto-estirado-engine.lib(SDL_windowsvideo.obj) : warning LNK4099: no se encontró PDB 'SDL2d.pdb' con 'alberto-estirado-engine.lib(SDL_windowsvideo.obj)' o en 'C:\Users\Alumno\Downloads\EntregaMotores\Demo\projects\vs2019\x64\Debug\SDL2d.pdb'; se vinculará el objeto sin tener en cuenta información de depuración
alberto-estirado-engine.lib(SDL_windowsshape.obj) : warning LNK4099: no se encontró PDB 'SDL2d.pdb' con 'alberto-estirado-engine.lib(SDL_windowsshape.obj)' o en 'C:\Users\Alumno\Downloads\EntregaMotores\Demo\projects\vs2019\x64\Debug\SDL2d.pdb'; se vinculará el objeto sin tener en cuenta información de depuración
alberto-estirado-engine.lib(SDL_windowsopengles.obj) : warning LNK4099: no se encontró PDB 'SDL2d.pdb' con 'alberto-estirado-engine.lib(SDL_windowsopengles.obj)' o en 'C:\Users\Alumno\Downloads\EntregaMotores\Demo\projects\vs2019\x64\Debug\SDL2d.pdb'; se vinculará el objeto sin tener en cuenta información de depuración
alberto-estirado-engine.lib(SDL_windowsopengl.obj) : warning LNK4099: no se encontró PDB 'SDL2d.pdb' con 'alberto-estirado-engine.lib(SDL_windowsopengl.obj)' o en 'C:\Users\Alumno\Downloads\EntregaMotores\Demo\projects\vs2019\x64\Debug\SDL2d.pdb'; se vinculará el objeto sin tener en cuenta información de depuración
alberto-estirado-engine.lib(SDL_windowsmouse.obj) : warning LNK4099: no se encontró PDB 'SDL2d.pdb' con 'alberto-estirado-engine.lib(SDL_windowsmouse.obj)' o en 'C:\Users\Alumno\Downloads\EntregaMotores\Demo\projects\vs2019\x64\Debug\SDL2d.pdb'; se vinculará el objeto sin tener en cuenta información de depuración
alberto-estirado-engine.lib(SDL_windowsmodes.obj) : warning LNK4099: no se encontró PDB 'SDL2d.pdb' con 'alberto-estirado-engine.lib(SDL_windowsmodes.obj)' o en 'C:\Users\Alumno\Downloads\EntregaMotores\Demo\projects\vs2019\x64\Debug\SDL2d.pdb'; se vinculará el objeto sin tener en cuenta información de depuración
alberto-estirado-engine.lib(SDL_windowsmessagebox.obj) : warning LNK4099: no se encontró PDB 'SDL2d.pdb' con 'alberto-estirado-engine.lib(SDL_windowsmessagebox.obj)' o en 'C:\Users\Alumno\Downloads\EntregaMotores\Demo\projects\vs2019\x64\Debug\SDL2d.pdb'; se vinculará el objeto sin tener en cuenta información de depuración
alberto-estirado-engine.lib(SDL_windowskeyboard.obj) : warning LNK4099: no se encontró PDB '' con 'alberto-estirado-engine.lib(SDL_windowskeyboard.obj)' o en ''; se vinculará el objeto sin tener en cuenta información de depuración
alberto-estirado-engine.lib(SDL_windowsframebuffer.obj) : warning LNK4099: no se encontró PDB 'SDL2d.pdb' con 'alberto-estirado-engine.lib(SDL_windowsframebuffer.obj)' o en 'C:\Users\Alumno\Downloads\EntregaMotores\Demo\projects\vs2019\x64\Debug\SDL2d.pdb'; se vinculará el objeto sin tener en cuenta información de depuración
alberto-estirado-engine.lib(SDL_windowsevents.obj) : warning LNK4099: no se encontró PDB 'SDL2d.pdb' con 'alberto-estirado-engine.lib(SDL_windowsevents.obj)' o en 'C:\Users\Alumno\Downloads\EntregaMotores\Demo\projects\vs2019\x64\Debug\SDL2d.pdb'; se vinculará el objeto sin tener en cuenta información de depuración
alberto-estirado-engine.lib(SDL_windowsclipboard.obj) : warning LNK4099: no se encontró PDB 'SDL2d.pdb' con 'alberto-estirado-engine.lib(SDL_windowsclipboard.obj)' o en 'C:\Users\Alumno\Downloads\EntregaMotores\Demo\projects\vs2019\x64\Debug\SDL2d.pdb'; se vinculará el objeto sin tener en cuenta información de depuración
alberto-estirado-engine.lib(SDL_wasapi_win32.obj) : warning LNK4099: no se encontró PDB 'SDL2d.pdb' con 'alberto-estirado-engine.lib(SDL_wasapi_win32.obj)' o en 'C:\Users\Alumno\Downloads\EntregaMotores\Demo\projects\vs2019\x64\Debug\SDL2d.pdb'; se vinculará el objeto sin tener en cuenta información de depuración
alberto-estirado-engine.lib(SDL_wasapi.obj) : warning LNK4099: no se encontró PDB 'SDL2d.pdb' con 'alberto-estirado-engine.lib(SDL_wasapi.obj)' o en 'C:\Users\Alumno\Downloads\EntregaMotores\Demo\projects\vs2019\x64\Debug\SDL2d.pdb'; se vinculará el objeto sin tener en cuenta información de depuración
alberto-estirado-engine.lib(SDL_directsound.obj) : warning LNK4099: no se encontró PDB 'SDL2d.pdb' con 'alberto-estirado-engine.lib(SDL_directsound.obj)' o en 'C:\Users\Alumno\Downloads\EntregaMotores\Demo\projects\vs2019\x64\Debug\SDL2d.pdb'; se vinculará el objeto sin tener en cuenta información de depuración
alberto-estirado-engine.lib(SDL_winmm.obj) : warning LNK4099: no se encontró PDB 'SDL2d.pdb' con 'alberto-estirado-engine.lib(SDL_winmm.obj)' o en 'C:\Users\Alumno\Downloads\EntregaMotores\Demo\projects\vs2019\x64\Debug\SDL2d.pdb'; se vinculará el objeto sin tener en cuenta información de depuración
alberto-estirado-engine.lib(SDL_sysurl.obj) : warning LNK4099: no se encontró PDB 'SDL2d.pdb' con 'alberto-estirado-engine.lib(SDL_sysurl.obj)' o en 'C:\Users\Alumno\Downloads\EntregaMotores\Demo\projects\vs2019\x64\Debug\SDL2d.pdb'; se vinculará el objeto sin tener en cuenta información de depuración
alberto-estirado-engine.lib(SDL_xinput.obj) : warning LNK4099: no se encontró PDB 'SDL2d.pdb' con 'alberto-estirado-engine.lib(SDL_xinput.obj)' o en 'C:\Users\Alumno\Downloads\EntregaMotores\Demo\projects\vs2019\x64\Debug\SDL2d.pdb'; se vinculará el objeto sin tener en cuenta información de depuración
alberto-estirado-engine.lib(SDL_windows.obj) : warning LNK4099: no se encontró PDB 'SDL2d.pdb' con 'alberto-estirado-engine.lib(SDL_windows.obj)' o en 'C:\Users\Alumno\Downloads\EntregaMotores\Demo\projects\vs2019\x64\Debug\SDL2d.pdb'; se vinculará el objeto sin tener en cuenta información de depuración
alberto-estirado-engine.lib(SDL_nullvideo.obj) : warning LNK4099: no se encontró PDB 'SDL2d.pdb' con 'alberto-estirado-engine.lib(SDL_nullvideo.obj)' o en 'C:\Users\Alumno\Downloads\EntregaMotores\Demo\projects\vs2019\x64\Debug\SDL2d.pdb'; se vinculará el objeto sin tener en cuenta información de depuración
alberto-estirado-engine.lib(SDL_nullframebuffer.obj) : warning LNK4099: no se encontró PDB '' con 'alberto-estirado-engine.lib(SDL_nullframebuffer.obj)' o en ''; se vinculará el objeto sin tener en cuenta información de depuración
alberto-estirado-engine.lib(SDL_nullevents.obj) : warning LNK4099: no se encontró PDB 'SDL2d.pdb' con 'alberto-estirado-engine.lib(SDL_nullevents.obj)' o en 'C:\Users\Alumno\Downloads\EntregaMotores\Demo\projects\vs2019\x64\Debug\SDL2d.pdb'; se vinculará el objeto sin tener en cuenta información de depuración
alberto-estirado-engine.lib(SDL_virtualjoystick.obj) : warning LNK4099: no se encontró PDB 'SDL2d.pdb' con 'alberto-estirado-engine.lib(SDL_virtualjoystick.obj)' o en 'C:\Users\Alumno\Downloads\EntregaMotores\Demo\projects\vs2019\x64\Debug\SDL2d.pdb'; se vinculará el objeto sin tener en cuenta información de depuración
alberto-estirado-engine.lib(SDL_diskaudio.obj) : warning LNK4099: no se encontró PDB 'SDL2d.pdb' con 'alberto-estirado-engine.lib(SDL_diskaudio.obj)' o en 'C:\Users\Alumno\Downloads\EntregaMotores\Demo\projects\vs2019\x64\Debug\SDL2d.pdb'; se vinculará el objeto sin tener en cuenta información de depuración
alberto-estirado-engine.lib(SDL_dummyaudio.obj) : warning LNK4099: no se encontró PDB 'SDL2d.pdb' con 'alberto-estirado-engine.lib(SDL_dummyaudio.obj)' o en 'C:\Users\Alumno\Downloads\EntregaMotores\Demo\projects\vs2019\x64\Debug\SDL2d.pdb'; se vinculará el objeto sin tener en cuenta información de depuración
alberto-estirado-engine.lib(SDL_joystick.obj) : warning LNK4099: no se encontró PDB 'SDL2d.pdb' con 'alberto-estirado-engine.lib(SDL_joystick.obj)' o en 'C:\Users\Alumno\Downloads\EntregaMotores\Demo\projects\vs2019\x64\Debug\SDL2d.pdb'; se vinculará el objeto sin tener en cuenta información de depuración
alberto-estirado-engine.lib(SDL_gamecontroller.obj) : warning LNK4099: no se encontró PDB '' con 'alberto-estirado-engine.lib(SDL_gamecontroller.obj)' o en ''; se vinculará el objeto sin tener en cuenta información de depuración
alberto-estirado-engine.lib(yuv_rgb.obj) : warning LNK4099: no se encontró PDB '' con 'alberto-estirado-engine.lib(yuv_rgb.obj)' o en ''; se vinculará el objeto sin tener en cuenta información de depuración
alberto-estirado-engine.lib(SDL_yuv.obj) : warning LNK4099: no se encontró PDB 'SDL2d.pdb' con 'alberto-estirado-engine.lib(SDL_yuv.obj)' o en 'C:\Users\Alumno\Downloads\EntregaMotores\Demo\projects\vs2019\x64\Debug\SDL2d.pdb'; se vinculará el objeto sin tener en cuenta información de depuración
alberto-estirado-engine.lib(SDL_vulkan_utils.obj) : warning LNK4099: no se encontró PDB 'SDL2d.pdb' con 'alberto-estirado-engine.lib(SDL_vulkan_utils.obj)' o en 'C:\Users\Alumno\Downloads\EntregaMotores\Demo\projects\vs2019\x64\Debug\SDL2d.pdb'; se vinculará el objeto sin tener en cuenta información de depuración
alberto-estirado-engine.lib(SDL_video.obj) : warning LNK4099: no se encontró PDB 'SDL2d.pdb' con 'alberto-estirado-engine.lib(SDL_video.obj)' o en 'C:\Users\Alumno\Downloads\EntregaMotores\Demo\projects\vs2019\x64\Debug\SDL2d.pdb'; se vinculará el objeto sin tener en cuenta información de depuración
alberto-estirado-engine.lib(SDL_surface.obj) : warning LNK4099: no se encontró PDB 'SDL2d.pdb' con 'alberto-estirado-engine.lib(SDL_surface.obj)' o en 'C:\Users\Alumno\Downloads\EntregaMotores\Demo\projects\vs2019\x64\Debug\SDL2d.pdb'; se vinculará el objeto sin tener en cuenta información de depuración
alberto-estirado-engine.lib(SDL_stretch.obj) : warning LNK4099: no se encontró PDB 'SDL2d.pdb' con 'alberto-estirado-engine.lib(SDL_stretch.obj)' o en 'C:\Users\Alumno\Downloads\EntregaMotores\Demo\projects\vs2019\x64\Debug\SDL2d.pdb'; se vinculará el objeto sin tener en cuenta información de depuración
alberto-estirado-engine.lib(SDL_shape.obj) : warning LNK4099: no se encontró PDB 'SDL2d.pdb' con 'alberto-estirado-engine.lib(SDL_shape.obj)' o en 'C:\Users\Alumno\Downloads\EntregaMotores\Demo\projects\vs2019\x64\Debug\SDL2d.pdb'; se vinculará el objeto sin tener en cuenta información de depuración
alberto-estirado-engine.lib(SDL_rect.obj) : warning LNK4099: no se encontró PDB 'SDL2d.pdb' con 'alberto-estirado-engine.lib(SDL_rect.obj)' o en 'C:\Users\Alumno\Downloads\EntregaMotores\Demo\projects\vs2019\x64\Debug\SDL2d.pdb'; se vinculará el objeto sin tener en cuenta información de depuración
alberto-estirado-engine.lib(SDL_pixels.obj) : warning LNK4099: no se encontró PDB 'SDL2d.pdb' con 'alberto-estirado-engine.lib(SDL_pixels.obj)' o en 'C:\Users\Alumno\Downloads\EntregaMotores\Demo\projects\vs2019\x64\Debug\SDL2d.pdb'; se vinculará el objeto sin tener en cuenta información de depuración
alberto-estirado-engine.lib(SDL_fillrect.obj) : warning LNK4099: no se encontró PDB 'SDL2d.pdb' con 'alberto-estirado-engine.lib(SDL_fillrect.obj)' o en 'C:\Users\Alumno\Downloads\EntregaMotores\Demo\projects\vs2019\x64\Debug\SDL2d.pdb'; se vinculará el objeto sin tener en cuenta información de depuración
alberto-estirado-engine.lib(SDL_egl.obj) : warning LNK4099: no se encontró PDB 'SDL2d.pdb' con 'alberto-estirado-engine.lib(SDL_egl.obj)' o en 'C:\Users\Alumno\Downloads\EntregaMotores\Demo\projects\vs2019\x64\Debug\SDL2d.pdb'; se vinculará el objeto sin tener en cuenta información de depuración
alberto-estirado-engine.lib(SDL_clipboard.obj) : warning LNK4099: no se encontró PDB 'SDL2d.pdb' con 'alberto-estirado-engine.lib(SDL_clipboard.obj)' o en 'C:\Users\Alumno\Downloads\EntregaMotores\Demo\projects\vs2019\x64\Debug\SDL2d.pdb'; se vinculará el objeto sin tener en cuenta información de depuración
alberto-estirado-engine.lib(SDL_bmp.obj) : warning LNK4099: no se encontró PDB 'SDL2d.pdb' con 'alberto-estirado-engine.lib(SDL_bmp.obj)' o en 'C:\Users\Alumno\Downloads\EntregaMotores\Demo\projects\vs2019\x64\Debug\SDL2d.pdb'; se vinculará el objeto sin tener en cuenta información de depuración
alberto-estirado-engine.lib(SDL_blit_slow.obj) : warning LNK4099: no se encontró PDB 'SDL2d.pdb' con 'alberto-estirado-engine.lib(SDL_blit_slow.obj)' o en 'C:\Users\Alumno\Downloads\EntregaMotores\Demo\projects\vs2019\x64\Debug\SDL2d.pdb'; se vinculará el objeto sin tener en cuenta información de depuración
alberto-estirado-engine.lib(SDL_blit_copy.obj) : warning LNK4099: no se encontró PDB 'SDL2d.pdb' con 'alberto-estirado-engine.lib(SDL_blit_copy.obj)' o en 'C:\Users\Alumno\Downloads\EntregaMotores\Demo\projects\vs2019\x64\Debug\SDL2d.pdb'; se vinculará el objeto sin tener en cuenta información de depuración
alberto-estirado-engine.lib(SDL_blit_auto.obj) : warning LNK4099: no se encontró PDB 'SDL2d.pdb' con 'alberto-estirado-engine.lib(SDL_blit_auto.obj)' o en 'C:\Users\Alumno\Downloads\EntregaMotores\Demo\projects\vs2019\x64\Debug\SDL2d.pdb'; se vinculará el objeto sin tener en cuenta información de depuración
alberto-estirado-engine.lib(SDL_blit_N.obj) : warning LNK4099: no se encontró PDB '' con 'alberto-estirado-engine.lib(SDL_blit_N.obj)' o en ''; se vinculará el objeto sin tener en cuenta información de depuración
alberto-estirado-engine.lib(SDL_blit_A.obj) : warning LNK4099: no se encontró PDB 'SDL2d.pdb' con 'alberto-estirado-engine.lib(SDL_blit_A.obj)' o en 'C:\Users\Alumno\Downloads\EntregaMotores\Demo\projects\vs2019\x64\Debug\SDL2d.pdb'; se vinculará el objeto sin tener en cuenta información de depuración
alberto-estirado-engine.lib(SDL_blit_1.obj) : warning LNK4099: no se encontró PDB 'SDL2d.pdb' con 'alberto-estirado-engine.lib(SDL_blit_1.obj)' o en 'C:\Users\Alumno\Downloads\EntregaMotores\Demo\projects\vs2019\x64\Debug\SDL2d.pdb'; se vinculará el objeto sin tener en cuenta información de depuración
alberto-estirado-engine.lib(SDL_blit_0.obj) : warning LNK4099: no se encontró PDB 'SDL2d.pdb' con 'alberto-estirado-engine.lib(SDL_blit_0.obj)' o en 'C:\Users\Alumno\Downloads\EntregaMotores\Demo\projects\vs2019\x64\Debug\SDL2d.pdb'; se vinculará el objeto sin tener en cuenta información de depuración
alberto-estirado-engine.lib(SDL_blit.obj) : warning LNK4099: no se encontró PDB 'SDL2d.pdb' con 'alberto-estirado-engine.lib(SDL_blit.obj)' o en 'C:\Users\Alumno\Downloads\EntregaMotores\Demo\projects\vs2019\x64\Debug\SDL2d.pdb'; se vinculará el objeto sin tener en cuenta información de depuración
alberto-estirado-engine.lib(SDL_RLEaccel.obj) : warning LNK4099: no se encontró PDB 'SDL2d.pdb' con 'alberto-estirado-engine.lib(SDL_RLEaccel.obj)' o en 'C:\Users\Alumno\Downloads\EntregaMotores\Demo\projects\vs2019\x64\Debug\SDL2d.pdb'; se vinculará el objeto sin tener en cuenta información de depuración
alberto-estirado-engine.lib(SDL_timer.obj) : warning LNK4099: no se encontró PDB 'SDL2d.pdb' con 'alberto-estirado-engine.lib(SDL_timer.obj)' o en 'C:\Users\Alumno\Downloads\EntregaMotores\Demo\projects\vs2019\x64\Debug\SDL2d.pdb'; se vinculará el objeto sin tener en cuenta información de depuración
alberto-estirado-engine.lib(SDL_thread.obj) : warning LNK4099: no se encontró PDB 'SDL2d.pdb' con 'alberto-estirado-engine.lib(SDL_thread.obj)' o en 'C:\Users\Alumno\Downloads\EntregaMotores\Demo\projects\vs2019\x64\Debug\SDL2d.pdb'; se vinculará el objeto sin tener en cuenta información de depuración
alberto-estirado-engine.lib(SDL_strtokr.obj) : warning LNK4099: no se encontró PDB 'SDL2d.pdb' con 'alberto-estirado-engine.lib(SDL_strtokr.obj)' o en 'C:\Users\Alumno\Downloads\EntregaMotores\Demo\projects\vs2019\x64\Debug\SDL2d.pdb'; se vinculará el objeto sin tener en cuenta información de depuración
alberto-estirado-engine.lib(SDL_string.obj) : warning LNK4099: no se encontró PDB 'SDL2d.pdb' con 'alberto-estirado-engine.lib(SDL_string.obj)' o en 'C:\Users\Alumno\Downloads\EntregaMotores\Demo\projects\vs2019\x64\Debug\SDL2d.pdb'; se vinculará el objeto sin tener en cuenta información de depuración
alberto-estirado-engine.lib(SDL_stdlib.obj) : warning LNK4099: no se encontró PDB '' con 'alberto-estirado-engine.lib(SDL_stdlib.obj)' o en ''; se vinculará el objeto sin tener en cuenta información de depuración
alberto-estirado-engine.lib(SDL_qsort.obj) : warning LNK4099: no se encontró PDB '' con 'alberto-estirado-engine.lib(SDL_qsort.obj)' o en ''; se vinculará el objeto sin tener en cuenta información de depuración
alberto-estirado-engine.lib(SDL_malloc.obj) : warning LNK4099: no se encontró PDB '' con 'alberto-estirado-engine.lib(SDL_malloc.obj)' o en ''; se vinculará el objeto sin tener en cuenta información de depuración
alberto-estirado-engine.lib(SDL_iconv.obj) : warning LNK4099: no se encontró PDB 'SDL2d.pdb' con 'alberto-estirado-engine.lib(SDL_iconv.obj)' o en 'C:\Users\Alumno\Downloads\EntregaMotores\Demo\projects\vs2019\x64\Debug\SDL2d.pdb'; se vinculará el objeto sin tener en cuenta información de depuración
alberto-estirado-engine.lib(SDL_getenv.obj) : warning LNK4099: no se encontró PDB 'SDL2d.pdb' con 'alberto-estirado-engine.lib(SDL_getenv.obj)' o en 'C:\Users\Alumno\Downloads\EntregaMotores\Demo\projects\vs2019\x64\Debug\SDL2d.pdb'; se vinculará el objeto sin tener en cuenta información de depuración
alberto-estirado-engine.lib(SDL_crc32.obj) : warning LNK4099: no se encontró PDB 'SDL2d.pdb' con 'alberto-estirado-engine.lib(SDL_crc32.obj)' o en 'C:\Users\Alumno\Downloads\EntregaMotores\Demo\projects\vs2019\x64\Debug\SDL2d.pdb'; se vinculará el objeto sin tener en cuenta información de depuración
alberto-estirado-engine.lib(SDL_sensor.obj) : warning LNK4099: no se encontró PDB '' con 'alberto-estirado-engine.lib(SDL_sensor.obj)' o en ''; se vinculará el objeto sin tener en cuenta información de depuración
alberto-estirado-engine.lib(SDL_rotate.obj) : warning LNK4099: no se encontró PDB '' con 'alberto-estirado-engine.lib(SDL_rotate.obj)' o en ''; se vinculará el objeto sin tener en cuenta información de depuración
alberto-estirado-engine.lib(SDL_render_sw.obj) : warning LNK4099: no se encontró PDB 'SDL2d.pdb' con 'alberto-estirado-engine.lib(SDL_render_sw.obj)' o en 'C:\Users\Alumno\Downloads\EntregaMotores\Demo\projects\vs2019\x64\Debug\SDL2d.pdb'; se vinculará el objeto sin tener en cuenta información de depuración
alberto-estirado-engine.lib(SDL_drawpoint.obj) : warning LNK4099: no se encontró PDB 'SDL2d.pdb' con 'alberto-estirado-engine.lib(SDL_drawpoint.obj)' o en 'C:\Users\Alumno\Downloads\EntregaMotores\Demo\projects\vs2019\x64\Debug\SDL2d.pdb'; se vinculará el objeto sin tener en cuenta información de depuración
alberto-estirado-engine.lib(SDL_drawline.obj) : warning LNK4099: no se encontró PDB 'SDL2d.pdb' con 'alberto-estirado-engine.lib(SDL_drawline.obj)' o en 'C:\Users\Alumno\Downloads\EntregaMotores\Demo\projects\vs2019\x64\Debug\SDL2d.pdb'; se vinculará el objeto sin tener en cuenta información de depuración
alberto-estirado-engine.lib(SDL_blendpoint.obj) : warning LNK4099: no se encontró PDB 'SDL2d.pdb' con 'alberto-estirado-engine.lib(SDL_blendpoint.obj)' o en 'C:\Users\Alumno\Downloads\EntregaMotores\Demo\projects\vs2019\x64\Debug\SDL2d.pdb'; se vinculará el objeto sin tener en cuenta información de depuración
alberto-estirado-engine.lib(SDL_blendline.obj) : warning LNK4099: no se encontró PDB 'SDL2d.pdb' con 'alberto-estirado-engine.lib(SDL_blendline.obj)' o en 'C:\Users\Alumno\Downloads\EntregaMotores\Demo\projects\vs2019\x64\Debug\SDL2d.pdb'; se vinculará el objeto sin tener en cuenta información de depuración
alberto-estirado-engine.lib(SDL_blendfillrect.obj) : warning LNK4099: no se encontró PDB '' con 'alberto-estirado-engine.lib(SDL_blendfillrect.obj)' o en ''; se vinculará el objeto sin tener en cuenta información de depuración
alberto-estirado-engine.lib(SDL_shaders_gles2.obj) : warning LNK4099: no se encontró PDB 'SDL2d.pdb' con 'alberto-estirado-engine.lib(SDL_shaders_gles2.obj)' o en 'C:\Users\Alumno\Downloads\EntregaMotores\Demo\projects\vs2019\x64\Debug\SDL2d.pdb'; se vinculará el objeto sin tener en cuenta información de depuración
alberto-estirado-engine.lib(SDL_render_gles2.obj) : warning LNK4099: no se encontró PDB 'SDL2d.pdb' con 'alberto-estirado-engine.lib(SDL_render_gles2.obj)' o en 'C:\Users\Alumno\Downloads\EntregaMotores\Demo\projects\vs2019\x64\Debug\SDL2d.pdb'; se vinculará el objeto sin tener en cuenta información de depuración
alberto-estirado-engine.lib(SDL_shaders_gl.obj) : warning LNK4099: no se encontró PDB '' con 'alberto-estirado-engine.lib(SDL_shaders_gl.obj)' o en ''; se vinculará el objeto sin tener en cuenta información de depuración
alberto-estirado-engine.lib(SDL_render_gl.obj) : warning LNK4099: no se encontró PDB 'SDL2d.pdb' con 'alberto-estirado-engine.lib(SDL_render_gl.obj)' o en 'C:\Users\Alumno\Downloads\EntregaMotores\Demo\projects\vs2019\x64\Debug\SDL2d.pdb'; se vinculará el objeto sin tener en cuenta información de depuración
alberto-estirado-engine.lib(SDL_shaders_d3d11.obj) : warning LNK4099: no se encontró PDB '' con 'alberto-estirado-engine.lib(SDL_shaders_d3d11.obj)' o en ''; se vinculará el objeto sin tener en cuenta información de depuración
alberto-estirado-engine.lib(SDL_render_d3d11.obj) : warning LNK4099: no se encontró PDB 'SDL2d.pdb' con 'alberto-estirado-engine.lib(SDL_render_d3d11.obj)' o en 'C:\Users\Alumno\Downloads\EntregaMotores\Demo\projects\vs2019\x64\Debug\SDL2d.pdb'; se vinculará el objeto sin tener en cuenta información de depuración
alberto-estirado-engine.lib(SDL_shaders_d3d.obj) : warning LNK4099: no se encontró PDB 'SDL2d.pdb' con 'alberto-estirado-engine.lib(SDL_shaders_d3d.obj)' o en 'C:\Users\Alumno\Downloads\EntregaMotores\Demo\projects\vs2019\x64\Debug\SDL2d.pdb'; se vinculará el objeto sin tener en cuenta información de depuración
alberto-estirado-engine.lib(SDL_render_d3d.obj) : warning LNK4099: no se encontró PDB 'SDL2d.pdb' con 'alberto-estirado-engine.lib(SDL_render_d3d.obj)' o en 'C:\Users\Alumno\Downloads\EntregaMotores\Demo\projects\vs2019\x64\Debug\SDL2d.pdb'; se vinculará el objeto sin tener en cuenta información de depuración
alberto-estirado-engine.lib(SDL_yuv_sw.obj) : warning LNK4099: no se encontró PDB '' con 'alberto-estirado-engine.lib(SDL_yuv_sw.obj)' o en ''; se vinculará el objeto sin tener en cuenta información de depuración
alberto-estirado-engine.lib(SDL_render.obj) : warning LNK4099: no se encontró PDB 'SDL2d.pdb' con 'alberto-estirado-engine.lib(SDL_render.obj)' o en 'C:\Users\Alumno\Downloads\EntregaMotores\Demo\projects\vs2019\x64\Debug\SDL2d.pdb'; se vinculará el objeto sin tener en cuenta información de depuración
alberto-estirado-engine.lib(SDL_d3dmath.obj) : warning LNK4099: no se encontró PDB 'SDL2d.pdb' con 'alberto-estirado-engine.lib(SDL_d3dmath.obj)' o en 'C:\Users\Alumno\Downloads\EntregaMotores\Demo\projects\vs2019\x64\Debug\SDL2d.pdb'; se vinculará el objeto sin tener en cuenta información de depuración
alberto-estirado-engine.lib(SDL_power.obj) : warning LNK4099: no se encontró PDB 'SDL2d.pdb' con 'alberto-estirado-engine.lib(SDL_power.obj)' o en 'C:\Users\Alumno\Downloads\EntregaMotores\Demo\projects\vs2019\x64\Debug\SDL2d.pdb'; se vinculará el objeto sin tener en cuenta información de depuración
alberto-estirado-engine.lib(SDL_url.obj) : warning LNK4099: no se encontró PDB 'SDL2d.pdb' con 'alberto-estirado-engine.lib(SDL_url.obj)' o en 'C:\Users\Alumno\Downloads\EntregaMotores\Demo\projects\vs2019\x64\Debug\SDL2d.pdb'; se vinculará el objeto sin tener en cuenta información de depuración
alberto-estirado-engine.lib(SDL_locale.obj) : warning LNK4099: no se encontró PDB 'SDL2d.pdb' con 'alberto-estirado-engine.lib(SDL_locale.obj)' o en 'C:\Users\Alumno\Downloads\EntregaMotores\Demo\projects\vs2019\x64\Debug\SDL2d.pdb'; se vinculará el objeto sin tener en cuenta información de depuración
alberto-estirado-engine.lib(s_tan.obj) : warning LNK4099: no se encontró PDB 'SDL2d.pdb' con 'alberto-estirado-engine.lib(s_tan.obj)' o en 'C:\Users\Alumno\Downloads\EntregaMotores\Demo\projects\vs2019\x64\Debug\SDL2d.pdb'; se vinculará el objeto sin tener en cuenta información de depuración
alberto-estirado-engine.lib(s_sin.obj) : warning LNK4099: no se encontró PDB '' con 'alberto-estirado-engine.lib(s_sin.obj)' o en ''; se vinculará el objeto sin tener en cuenta información de depuración
alberto-estirado-engine.lib(s_scalbn.obj) : warning LNK4099: no se encontró PDB 'SDL2d.pdb' con 'alberto-estirado-engine.lib(s_scalbn.obj)' o en 'C:\Users\Alumno\Downloads\EntregaMotores\Demo\projects\vs2019\x64\Debug\SDL2d.pdb'; se vinculará el objeto sin tener en cuenta información de depuración
alberto-estirado-engine.lib(s_floor.obj) : warning LNK4099: no se encontró PDB 'SDL2d.pdb' con 'alberto-estirado-engine.lib(s_floor.obj)' o en 'C:\Users\Alumno\Downloads\EntregaMotores\Demo\projects\vs2019\x64\Debug\SDL2d.pdb'; se vinculará el objeto sin tener en cuenta información de depuración
alberto-estirado-engine.lib(s_fabs.obj) : warning LNK4099: no se encontró PDB 'SDL2d.pdb' con 'alberto-estirado-engine.lib(s_fabs.obj)' o en 'C:\Users\Alumno\Downloads\EntregaMotores\Demo\projects\vs2019\x64\Debug\SDL2d.pdb'; se vinculará el objeto sin tener en cuenta información de depuración
alberto-estirado-engine.lib(s_cos.obj) : warning LNK4099: no se encontró PDB 'SDL2d.pdb' con 'alberto-estirado-engine.lib(s_cos.obj)' o en 'C:\Users\Alumno\Downloads\EntregaMotores\Demo\projects\vs2019\x64\Debug\SDL2d.pdb'; se vinculará el objeto sin tener en cuenta información de depuración
alberto-estirado-engine.lib(s_copysign.obj) : warning LNK4099: no se encontró PDB 'SDL2d.pdb' con 'alberto-estirado-engine.lib(s_copysign.obj)' o en 'C:\Users\Alumno\Downloads\EntregaMotores\Demo\projects\vs2019\x64\Debug\SDL2d.pdb'; se vinculará el objeto sin tener en cuenta información de depuración
alberto-estirado-engine.lib(s_atan.obj) : warning LNK4099: no se encontró PDB 'SDL2d.pdb' con 'alberto-estirado-engine.lib(s_atan.obj)' o en 'C:\Users\Alumno\Downloads\EntregaMotores\Demo\projects\vs2019\x64\Debug\SDL2d.pdb'; se vinculará el objeto sin tener en cuenta información de depuración
alberto-estirado-engine.lib(k_tan.obj) : warning LNK4099: no se encontró PDB 'SDL2d.pdb' con 'alberto-estirado-engine.lib(k_tan.obj)' o en 'C:\Users\Alumno\Downloads\EntregaMotores\Demo\projects\vs2019\x64\Debug\SDL2d.pdb'; se vinculará el objeto sin tener en cuenta información de depuración
alberto-estirado-engine.lib(k_sin.obj) : warning LNK4099: no se encontró PDB 'SDL2d.pdb' con 'alberto-estirado-engine.lib(k_sin.obj)' o en 'C:\Users\Alumno\Downloads\EntregaMotores\Demo\projects\vs2019\x64\Debug\SDL2d.pdb'; se vinculará el objeto sin tener en cuenta información de depuración
alberto-estirado-engine.lib(k_rem_pio2.obj) : warning LNK4099: no se encontró PDB 'SDL2d.pdb' con 'alberto-estirado-engine.lib(k_rem_pio2.obj)' o en 'C:\Users\Alumno\Downloads\EntregaMotores\Demo\projects\vs2019\x64\Debug\SDL2d.pdb'; se vinculará el objeto sin tener en cuenta información de depuración
alberto-estirado-engine.lib(k_cos.obj) : warning LNK4099: no se encontró PDB 'SDL2d.pdb' con 'alberto-estirado-engine.lib(k_cos.obj)' o en 'C:\Users\Alumno\Downloads\EntregaMotores\Demo\projects\vs2019\x64\Debug\SDL2d.pdb'; se vinculará el objeto sin tener en cuenta información de depuración
alberto-estirado-engine.lib(e_sqrt.obj) : warning LNK4099: no se encontró PDB 'SDL2d.pdb' con 'alberto-estirado-engine.lib(e_sqrt.obj)' o en 'C:\Users\Alumno\Downloads\EntregaMotores\Demo\projects\vs2019\x64\Debug\SDL2d.pdb'; se vinculará el objeto sin tener en cuenta información de depuración
alberto-estirado-engine.lib(e_rem_pio2.obj) : warning LNK4099: no se encontró PDB 'SDL2d.pdb' con 'alberto-estirado-engine.lib(e_rem_pio2.obj)' o en 'C:\Users\Alumno\Downloads\EntregaMotores\Demo\projects\vs2019\x64\Debug\SDL2d.pdb'; se vinculará el objeto sin tener en cuenta información de depuración
alberto-estirado-engine.lib(e_pow.obj) : warning LNK4099: no se encontró PDB 'SDL2d.pdb' con 'alberto-estirado-engine.lib(e_pow.obj)' o en 'C:\Users\Alumno\Downloads\EntregaMotores\Demo\projects\vs2019\x64\Debug\SDL2d.pdb'; se vinculará el objeto sin tener en cuenta información de depuración
alberto-estirado-engine.lib(e_log10.obj) : warning LNK4099: no se encontró PDB 'SDL2d.pdb' con 'alberto-estirado-engine.lib(e_log10.obj)' o en 'C:\Users\Alumno\Downloads\EntregaMotores\Demo\projects\vs2019\x64\Debug\SDL2d.pdb'; se vinculará el objeto sin tener en cuenta información de depuración
alberto-estirado-engine.lib(e_log.obj) : warning LNK4099: no se encontró PDB 'SDL2d.pdb' con 'alberto-estirado-engine.lib(e_log.obj)' o en 'C:\Users\Alumno\Downloads\EntregaMotores\Demo\projects\vs2019\x64\Debug\SDL2d.pdb'; se vinculará el objeto sin tener en cuenta información de depuración
alberto-estirado-engine.lib(e_fmod.obj) : warning LNK4099: no se encontró PDB 'SDL2d.pdb' con 'alberto-estirado-engine.lib(e_fmod.obj)' o en 'C:\Users\Alumno\Downloads\EntregaMotores\Demo\projects\vs2019\x64\Debug\SDL2d.pdb'; se vinculará el objeto sin tener en cuenta información de depuración
alberto-estirado-engine.lib(e_exp.obj) : warning LNK4099: no se encontró PDB 'SDL2d.pdb' con 'alberto-estirado-engine.lib(e_exp.obj)' o en 'C:\Users\Alumno\Downloads\EntregaMotores\Demo\projects\vs2019\x64\Debug\SDL2d.pdb'; se vinculará el objeto sin tener en cuenta información de depuración
alberto-estirado-engine.lib(e_atan2.obj) : warning LNK4099: no se encontró PDB 'SDL2d.pdb' con 'alberto-estirado-engine.lib(e_atan2.obj)' o en 'C:\Users\Alumno\Downloads\EntregaMotores\Demo\projects\vs2019\x64\Debug\SDL2d.pdb'; se vinculará el objeto sin tener en cuenta información de depuración
alberto-estirado-engine.lib(SDL_haptic.obj) : warning LNK4099: no se encontró PDB 'SDL2d.pdb' con 'alberto-estirado-engine.lib(SDL_haptic.obj)' o en 'C:\Users\Alumno\Downloads\EntregaMotores\Demo\projects\vs2019\x64\Debug\SDL2d.pdb'; se vinculará el objeto sin tener en cuenta información de depuración
alberto-estirado-engine.lib(SDL_rwops.obj) : warning LNK4099: no se encontró PDB 'SDL2d.pdb' con 'alberto-estirado-engine.lib(SDL_rwops.obj)' o en 'C:\Users\Alumno\Downloads\EntregaMotores\Demo\projects\vs2019\x64\Debug\SDL2d.pdb'; se vinculará el objeto sin tener en cuenta información de depuración
alberto-estirado-engine.lib(SDL_windowevents.obj) : warning LNK4099: no se encontró PDB 'SDL2d.pdb' con 'alberto-estirado-engine.lib(SDL_windowevents.obj)' o en 'C:\Users\Alumno\Downloads\EntregaMotores\Demo\projects\vs2019\x64\Debug\SDL2d.pdb'; se vinculará el objeto sin tener en cuenta información de depuración
alberto-estirado-engine.lib(SDL_touch.obj) : warning LNK4099: no se encontró PDB 'SDL2d.pdb' con 'alberto-estirado-engine.lib(SDL_touch.obj)' o en 'C:\Users\Alumno\Downloads\EntregaMotores\Demo\projects\vs2019\x64\Debug\SDL2d.pdb'; se vinculará el objeto sin tener en cuenta información de depuración
alberto-estirado-engine.lib(SDL_quit.obj) : warning LNK4099: no se encontró PDB 'SDL2d.pdb' con 'alberto-estirado-engine.lib(SDL_quit.obj)' o en 'C:\Users\Alumno\Downloads\EntregaMotores\Demo\projects\vs2019\x64\Debug\SDL2d.pdb'; se vinculará el objeto sin tener en cuenta información de depuración
alberto-estirado-engine.lib(SDL_mouse.obj) : warning LNK4099: no se encontró PDB 'SDL2d.pdb' con 'alberto-estirado-engine.lib(SDL_mouse.obj)' o en 'C:\Users\Alumno\Downloads\EntregaMotores\Demo\projects\vs2019\x64\Debug\SDL2d.pdb'; se vinculará el objeto sin tener en cuenta información de depuración
alberto-estirado-engine.lib(SDL_keyboard.obj) : warning LNK4099: no se encontró PDB 'SDL2d.pdb' con 'alberto-estirado-engine.lib(SDL_keyboard.obj)' o en 'C:\Users\Alumno\Downloads\EntregaMotores\Demo\projects\vs2019\x64\Debug\SDL2d.pdb'; se vinculará el objeto sin tener en cuenta información de depuración
alberto-estirado-engine.lib(SDL_gesture.obj) : warning LNK4099: no se encontró PDB 'SDL2d.pdb' con 'alberto-estirado-engine.lib(SDL_gesture.obj)' o en 'C:\Users\Alumno\Downloads\EntregaMotores\Demo\projects\vs2019\x64\Debug\SDL2d.pdb'; se vinculará el objeto sin tener en cuenta información de depuración
alberto-estirado-engine.lib(SDL_events.obj) : warning LNK4099: no se encontró PDB '' con 'alberto-estirado-engine.lib(SDL_events.obj)' o en ''; se vinculará el objeto sin tener en cuenta información de depuración
alberto-estirado-engine.lib(SDL_dropevents.obj) : warning LNK4099: no se encontró PDB 'SDL2d.pdb' con 'alberto-estirado-engine.lib(SDL_dropevents.obj)' o en 'C:\Users\Alumno\Downloads\EntregaMotores\Demo\projects\vs2019\x64\Debug\SDL2d.pdb'; se vinculará el objeto sin tener en cuenta información de depuración
alberto-estirado-engine.lib(SDL_displayevents.obj) : warning LNK4099: no se encontró PDB 'SDL2d.pdb' con 'alberto-estirado-engine.lib(SDL_displayevents.obj)' o en 'C:\Users\Alumno\Downloads\EntregaMotores\Demo\projects\vs2019\x64\Debug\SDL2d.pdb'; se vinculará el objeto sin tener en cuenta información de depuración
alberto-estirado-engine.lib(SDL_clipboardevents.obj) : warning LNK4099: no se encontró PDB 'SDL2d.pdb' con 'alberto-estirado-engine.lib(SDL_clipboardevents.obj)' o en 'C:\Users\Alumno\Downloads\EntregaMotores\Demo\projects\vs2019\x64\Debug\SDL2d.pdb'; se vinculará el objeto sin tener en cuenta información de depuración
alberto-estirado-engine.lib(SDL_dynapi.obj) : warning LNK4099: no se encontró PDB '' con 'alberto-estirado-engine.lib(SDL_dynapi.obj)' o en ''; se vinculará el objeto sin tener en cuenta información de depuración
alberto-estirado-engine.lib(SDL_cpuinfo.obj) : warning LNK4099: no se encontró PDB 'SDL2d.pdb' con 'alberto-estirado-engine.lib(SDL_cpuinfo.obj)' o en 'C:\Users\Alumno\Downloads\EntregaMotores\Demo\projects\vs2019\x64\Debug\SDL2d.pdb'; se vinculará el objeto sin tener en cuenta información de depuración
alberto-estirado-engine.lib(SDL_wave.obj) : warning LNK4099: no se encontró PDB 'SDL2d.pdb' con 'alberto-estirado-engine.lib(SDL_wave.obj)' o en 'C:\Users\Alumno\Downloads\EntregaMotores\Demo\projects\vs2019\x64\Debug\SDL2d.pdb'; se vinculará el objeto sin tener en cuenta información de depuración
alberto-estirado-engine.lib(SDL_mixer.obj) : warning LNK4099: no se encontró PDB 'SDL2d.pdb' con 'alberto-estirado-engine.lib(SDL_mixer.obj)' o en 'C:\Users\Alumno\Downloads\EntregaMotores\Demo\projects\vs2019\x64\Debug\SDL2d.pdb'; se vinculará el objeto sin tener en cuenta información de depuración
alberto-estirado-engine.lib(SDL_audiotypecvt.obj) : warning LNK4099: no se encontró PDB 'SDL2d.pdb' con 'alberto-estirado-engine.lib(SDL_audiotypecvt.obj)' o en 'C:\Users\Alumno\Downloads\EntregaMotores\Demo\projects\vs2019\x64\Debug\SDL2d.pdb'; se vinculará el objeto sin tener en cuenta información de depuración
alberto-estirado-engine.lib(SDL_audiocvt.obj) : warning LNK4099: no se encontró PDB 'SDL2d.pdb' con 'alberto-estirado-engine.lib(SDL_audiocvt.obj)' o en 'C:\Users\Alumno\Downloads\EntregaMotores\Demo\projects\vs2019\x64\Debug\SDL2d.pdb'; se vinculará el objeto sin tener en cuenta información de depuración
alberto-estirado-engine.lib(SDL_audio.obj) : warning LNK4099: no se encontró PDB 'SDL2d.pdb' con 'alberto-estirado-engine.lib(SDL_audio.obj)' o en 'C:\Users\Alumno\Downloads\EntregaMotores\Demo\projects\vs2019\x64\Debug\SDL2d.pdb'; se vinculará el objeto sin tener en cuenta información de depuración
alberto-estirado-engine.lib(SDL_spinlock.obj) : warning LNK4099: no se encontró PDB 'SDL2d.pdb' con 'alberto-estirado-engine.lib(SDL_spinlock.obj)' o en 'C:\Users\Alumno\Downloads\EntregaMotores\Demo\projects\vs2019\x64\Debug\SDL2d.pdb'; se vinculará el objeto sin tener en cuenta información de depuración
alberto-estirado-engine.lib(SDL_atomic.obj) : warning LNK4099: no se encontró PDB 'SDL2d.pdb' con 'alberto-estirado-engine.lib(SDL_atomic.obj)' o en 'C:\Users\Alumno\Downloads\EntregaMotores\Demo\projects\vs2019\x64\Debug\SDL2d.pdb'; se vinculará el objeto sin tener en cuenta información de depuración
alberto-estirado-engine.lib(SDL_log.obj) : warning LNK4099: no se encontró PDB 'SDL2d.pdb' con 'alberto-estirado-engine.lib(SDL_log.obj)' o en 'C:\Users\Alumno\Downloads\EntregaMotores\Demo\projects\vs2019\x64\Debug\SDL2d.pdb'; se vinculará el objeto sin tener en cuenta información de depuración
alberto-estirado-engine.lib(SDL_hints.obj) : warning LNK4099: no se encontró PDB 'SDL2d.pdb' con 'alberto-estirado-engine.lib(SDL_hints.obj)' o en 'C:\Users\Alumno\Downloads\EntregaMotores\Demo\projects\vs2019\x64\Debug\SDL2d.pdb'; se vinculará el objeto sin tener en cuenta información de depuración
alberto-estirado-engine.lib(SDL_error.obj) : warning LNK4099: no se encontró PDB 'SDL2d.pdb' con 'alberto-estirado-engine.lib(SDL_error.obj)' o en 'C:\Users\Alumno\Downloads\EntregaMotores\Demo\projects\vs2019\x64\Debug\SDL2d.pdb'; se vinculará el objeto sin tener en cuenta información de depuración
alberto-estirado-engine.lib(SDL_dataqueue.obj) : warning LNK4099: no se encontró PDB 'SDL2d.pdb' con 'alberto-estirado-engine.lib(SDL_dataqueue.obj)' o en 'C:\Users\Alumno\Downloads\EntregaMotores\Demo\projects\vs2019\x64\Debug\SDL2d.pdb'; se vinculará el objeto sin tener en cuenta información de depuración
alberto-estirado-engine.lib(SDL_assert.obj) : warning LNK4099: no se encontró PDB 'SDL2d.pdb' con 'alberto-estirado-engine.lib(SDL_assert.obj)' o en 'C:\Users\Alumno\Downloads\EntregaMotores\Demo\projects\vs2019\x64\Debug\SDL2d.pdb'; se vinculará el objeto sin tener en cuenta información de depuración
alberto-estirado-engine.lib(SDL.obj) : warning LNK4099: no se encontró PDB 'SDL2d.pdb' con 'alberto-estirado-engine.lib(SDL.obj)' o en 'C:\Users\Alumno\Downloads\EntregaMotores\Demo\projects\vs2019\x64\Debug\SDL2d.pdb'; se vinculará el objeto sin tener en cuenta información de depuración
  Demo.vcxproj -> C:\Users\Alumno\Downloads\EntregaMotores\Demo\projects\vs2019\x64\Debug\Demo.exe
